[    0.000000] Linux version 4.15.0-180-generic (buildd@lcy02-amd64-097) (gcc version 7.5.0 (Ubuntu 7.5.0-3ubuntu1~18.04)) #189-Ubuntu SMP Wed May 18 14:13:57 UTC 2022 (Ubuntu 4.15.0-180.189-generic 4.15.18)
[    0.000000] Command line: BOOT_IMAGE=/boot/vmlinuz-4.15.0-180-generic root=LABEL=cloudimg-rootfs ro console=tty1 console=ttyS0
[    0.000000] KERNEL supported cpus:
[    0.000000]   Intel GenuineIntel
[    0.000000]   AMD AuthenticAMD
[    0.000000]   Centaur CentaurHauls
[    0.000000] CPU0: Hyper-Threading is disabled
[    0.000000] x86/fpu: x87 FPU will use FXSAVE
[    0.000000] e820: BIOS-provided physical RAM map:
[    0.000000] BIOS-e820: [mem 0x0000000000000000-0x000000000009fbff] usable
[    0.000000] BIOS-e820: [mem 0x000000000009fc00-0x000000000009ffff] reserved
[    0.000000] BIOS-e820: [mem 0x00000000000f0000-0x00000000000fffff] reserved
[    0.000000] BIOS-e820: [mem 0x0000000000100000-0x000000000ffeffff] usable
[    0.000000] BIOS-e820: [mem 0x000000000fff0000-0x000000000fffffff] ACPI data
[    0.000000] BIOS-e820: [mem 0x00000000fec00000-0x00000000fec00fff] reserved
[    0.000000] BIOS-e820: [mem 0x00000000fee00000-0x00000000fee00fff] reserved
[    0.000000] BIOS-e820: [mem 0x00000000fffc0000-0x00000000ffffffff] reserved
[    0.000000] NX (Execute Disable) protection: active
[    0.000000] SMBIOS 2.5 present.
[    0.000000] DMI: innotek GmbH VirtualBox/VirtualBox, BIOS VirtualBox 12/01/2006
[    0.000000] Hypervisor detected: KVM
[    0.000000] e820: last_pfn = 0xfff0 max_arch_pfn = 0x400000000
[    0.000000] MTRR: Disabled
[    0.000000] x86/PAT: MTRRs disabled, skipping PAT initialization too.
[    0.000000] CPU MTRRs all blank - virtualized system.
[    0.000000] x86/PAT: Configuration [0-7]: WB  WT  UC- UC  WB  WT  UC- UC  
[    0.000000] found SMP MP-table at [mem 0x0009fff0-0x0009ffff]
[    0.000000] Scanning 1 areas for low memory corruption
[    0.000000] RAMDISK: [mem 0x0db17000-0x0ee2bfff]
[    0.000000] ACPI: Early table checksum verification disabled
[    0.000000] ACPI: RSDP 0x00000000000E0000 000024 (v02 VBOX  )
[    0.000000] ACPI: XSDT 0x000000000FFF0030 00003C (v01 VBOX   VBOXXSDT 00000001 ASL  00000061)
[    0.000000] ACPI: FACP 0x000000000FFF00F0 0000F4 (v04 VBOX   VBOXFACP 00000001 ASL  00000061)
[    0.000000] ACPI: DSDT 0x000000000FFF0470 002325 (v02 VBOX   VBOXBIOS 00000002 INTL 20190509)
[    0.000000] ACPI: FACS 0x000000000FFF0200 000040
[    0.000000] ACPI: FACS 0x000000000FFF0200 000040
[    0.000000] ACPI: APIC 0x000000000FFF0240 000054 (v02 VBOX   VBOXAPIC 00000001 ASL  00000061)
[    0.000000] ACPI: SSDT 0x000000000FFF02A0 0001CC (v01 VBOX   VBOXCPUT 00000002 INTL 20190509)
[    0.000000] ACPI: Reserving FACP table memory at [mem 0xfff00f0-0xfff01e3]
[    0.000000] ACPI: Reserving DSDT table memory at [mem 0xfff0470-0xfff2794]
[    0.000000] ACPI: Reserving FACS table memory at [mem 0xfff0200-0xfff023f]
[    0.000000] ACPI: Reserving FACS table memory at [mem 0xfff0200-0xfff023f]
[    0.000000] ACPI: Reserving APIC table memory at [mem 0xfff0240-0xfff0293]
[    0.000000] ACPI: Reserving SSDT table memory at [mem 0xfff02a0-0xfff046b]
[    0.000000] No NUMA configuration found
[    0.000000] Faking a node at [mem 0x0000000000000000-0x000000000ffeffff]
[    0.000000] NODE_DATA(0) allocated [mem 0x0ffc5000-0x0ffeffff]
[    0.000000] kvm-clock: cpu 0, msr 0:ff44001, primary cpu clock
[    0.000000] kvm-clock: Using msrs 4b564d01 and 4b564d00
[    0.000000] kvm-clock: using sched offset of 28450338107 cycles
[    0.000000] clocksource: kvm-clock: mask: 0xffffffffffffffff max_cycles: 0x1cd42e4dffb, max_idle_ns: 881590591483 ns
[    0.000000] Zone ranges:
[    0.000000]   DMA      [mem 0x0000000000001000-0x0000000000ffffff]
[    0.000000]   DMA32    [mem 0x0000000001000000-0x000000000ffeffff]
[    0.000000]   Normal   empty
[    0.000000]   Device   empty
[    0.000000] Movable zone start for each node
[    0.000000] Early memory node ranges
[    0.000000]   node   0: [mem 0x0000000000001000-0x000000000009efff]
[    0.000000]   node   0: [mem 0x0000000000100000-0x000000000ffeffff]
[    0.000000] Reserved but unavailable: 104 pages
[    0.000000] Initmem setup node 0 [mem 0x0000000000001000-0x000000000ffeffff]
[    0.000000] ACPI: PM-Timer IO Port: 0x4008
[    0.000000] IOAPIC[0]: apic_id 1, version 32, address 0xfec00000, GSI 0-23
[    0.000000] ACPI: INT_SRC_OVR (bus 0 bus_irq 0 global_irq 2 dfl dfl)
[    0.000000] ACPI: INT_SRC_OVR (bus 0 bus_irq 9 global_irq 9 low level)
[    0.000000] Using ACPI (MADT) for SMP configuration information
[    0.000000] smpboot: Allowing 1 CPUs, 0 hotplug CPUs
[    0.000000] PM: Registered nosave memory: [mem 0x00000000-0x00000fff]
[    0.000000] PM: Registered nosave memory: [mem 0x0009f000-0x0009ffff]
[    0.000000] PM: Registered nosave memory: [mem 0x000a0000-0x000effff]
[    0.000000] PM: Registered nosave memory: [mem 0x000f0000-0x000fffff]
[    0.000000] e820: [mem 0x10000000-0xfebfffff] available for PCI devices
[    0.000000] Booting paravirtualized kernel on KVM
[    0.000000] clocksource: refined-jiffies: mask: 0xffffffff max_cycles: 0xffffffff, max_idle_ns: 7645519600211568 ns
[    0.000000] random: get_random_bytes called from start_kernel+0x99/0x500 with crng_init=0
[    0.000000] setup_percpu: NR_CPUS:8192 nr_cpumask_bits:1 nr_cpu_ids:1 nr_node_ids:1
[    0.000000] percpu: Embedded 50 pages/cpu s167936 r8192 d28672 u2097152
[    0.000000] PV qspinlock hash table entries: 256 (order: 0, 4096 bytes)
[    0.000000] Built 1 zonelists, mobility grouping on.  Total pages: 64377
[    0.000000] Policy zone: DMA32
[    0.000000] Kernel command line: BOOT_IMAGE=/boot/vmlinuz-4.15.0-180-generic root=LABEL=cloudimg-rootfs ro console=tty1 console=ttyS0
[    0.000000] Memory: 208692K/261688K available (12300K kernel code, 2484K rwdata, 4324K rodata, 2468K init, 2724K bss, 52996K reserved, 0K cma-reserved)
[    0.000000] SLUB: HWalign=64, Order=0-3, MinObjects=0, CPUs=1, Nodes=1
[    0.000000] Kernel/User page tables isolation: enabled
[    0.000000] ftrace: allocating 39507 entries in 155 pages
[    0.004000] Hierarchical RCU implementation.
[    0.004000] 	RCU restricting CPUs from NR_CPUS=8192 to nr_cpu_ids=1.
[    0.004000] 	Tasks RCU enabled.
[    0.004000] RCU: Adjusting geometry for rcu_fanout_leaf=16, nr_cpu_ids=1
[    0.004000] NR_IRQS: 524544, nr_irqs: 256, preallocated irqs: 16
[    0.004000] Console: colour VGA+ 80x25
[    0.004000] console [tty1] enabled
[    0.004000] console [ttyS0] enabled
[    0.004000] ACPI: Core revision 20170831
[    0.004000] ACPI: 2 ACPI AML tables successfully acquired and loaded
[    0.004000] APIC: Switch to symmetric I/O mode setup
[    0.004000] x2apic enabled
[    0.004000] Switched APIC routing to physical x2apic.
[    0.006192] ..TIMER: vector=0x30 apic1=0 pin1=2 apic2=-1 pin2=-1
[    0.008003] tsc: Detected 2992.498 MHz processor
[    0.009172] Calibrating delay loop (skipped) preset value.. 5984.99 BogoMIPS (lpj=11969992)
[    0.012003] pid_max: default: 32768 minimum: 301
[    0.013245] Security Framework initialized
[    0.014320] Yama: becoming mindful.
[    0.016056] AppArmor: AppArmor initialized
[    0.018503] Dentry cache hash table entries: 32768 (order: 6, 262144 bytes)
[    0.020040] Inode-cache hash table entries: 16384 (order: 5, 131072 bytes)
[    0.021723] Mount-cache hash table entries: 512 (order: 0, 4096 bytes)
[    0.024005] Mountpoint-cache hash table entries: 512 (order: 0, 4096 bytes)
[    0.026181] process: using mwait in idle threads
[    0.027378] Last level iTLB entries: 4KB 128, 2MB 4, 4MB 4
[    0.028002] Last level dTLB entries: 4KB 256, 2MB 0, 4MB 32, 1GB 0
[    0.029522] Spectre V1 : Mitigation: usercopy/swapgs barriers and __user pointer sanitization
[    0.032003] Spectre V2 : Mitigation: Retpolines
[    0.033144] Spectre V2 : Spectre v2 / SpectreRSB mitigation: Filling RSB on context switch
[    0.036002] Speculative Store Bypass: Vulnerable
[    0.040118] MDS: Vulnerable: Clear CPU buffers attempted, no microcode
[    0.165211] Freeing SMP alternatives memory: 36K
[    0.356008] APIC calibration not consistent with PM-Timer: 272ms instead of 100ms
[    0.359720] APIC delta adjusted to PM-Timer: 6331404 (17223722)
[    0.360126] smpboot: CPU0: Intel(R) Core(TM)2 Duo CPU     E8400  @ 3.00GHz (family: 0x6, model: 0x17, stepping: 0xa)
[    0.364320] Performance Events: unsupported p6 CPU model 23 no PMU driver, software events only.
[    0.368827] Hierarchical SRCU implementation.
[    0.371456] NMI watchdog: Perf event create on CPU 0 failed with -2
[    0.372003] NMI watchdog: Perf NMI watchdog permanently disabled
[    0.373706] smp: Bringing up secondary CPUs ...
[    0.376004] smp: Brought up 1 node, 1 CPU
[    0.377721] smpboot: Max logical packages: 1
[    0.378848] smpboot: Total of 1 processors activated (5984.99 BogoMIPS)
[    0.380251] devtmpfs: initialized
[    0.381259] x86/mm: Memory block size: 128MB
[    0.384178] evm: security.selinux
[    0.385121] evm: security.SMACK64
[    0.388004] evm: security.SMACK64EXEC
[    0.389057] evm: security.SMACK64TRANSMUTE
[    0.390171] evm: security.SMACK64MMAP
[    0.391568] evm: security.apparmor
[    0.392003] evm: security.ima
[    0.392850] evm: security.capability
[    0.394153] clocksource: jiffies: mask: 0xffffffff max_cycles: 0xffffffff, max_idle_ns: 7645041785100000 ns
[    0.396047] futex hash table entries: 256 (order: 2, 16384 bytes)
[    0.397736] pinctrl core: initialized pinctrl subsystem
[    0.400147] RTC time: 19:12:02, date: 06/12/22
[    0.401656] NET: Registered protocol family 16
[    0.404104] audit: initializing netlink subsys (disabled)
[    0.405785] cpuidle: using governor ladder
[    0.407407] cpuidle: using governor menu
[    0.408054] ACPI: bus type PCI registered
[    0.409815] acpiphp: ACPI Hot Plug PCI Controller Driver version: 0.5
[    0.412017] audit: type=2000 audit(1655061152.048:1): state=initialized audit_enabled=0 res=1
[    0.416190] PCI: Using configuration type 1 for base access
[    0.421617] HugeTLB registered 2.00 MiB page size, pre-allocated 0 pages
[    0.424547] ACPI: Added _OSI(Module Device)
[    0.426373] ACPI: Added _OSI(Processor Device)
[    0.428013] ACPI: Added _OSI(3.0 _SCP Extensions)
[    0.430049] ACPI: Added _OSI(Processor Aggregator Device)
[    0.432025] ACPI: Added _OSI(Linux-Dell-Video)
[    0.436038] ACPI: Added _OSI(Linux-Lenovo-NV-HDMI-Audio)
[    0.438302] ACPI: Added _OSI(Linux-HPI-Hybrid-Graphics)
[    0.440418] ACPI: Executed 1 blocks of module-level executable AML code
[    0.448773] ACPI: Interpreter enabled
[    0.449987] ACPI: (supports S0 S5)
[    0.450917] ACPI: Using IOAPIC for interrupt routing
[    0.452000] PCI: Using host bridge windows from ACPI; if necessary, use "pci=nocrs" and report a bug
[    0.452258] ACPI: Enabled 2 GPEs in block 00 to 07
[    0.467084] ACPI: PCI Root Bridge [PCI0] (domain 0000 [bus 00-ff])
[    0.468012] acpi PNP0A03:00: _OSC: OS supports [ASPM ClockPM Segments MSI]
[    0.473207] acpi PNP0A03:00: _OSC: not requesting OS control; OS requires [ExtendedConfig ASPM ClockPM MSI]
[    0.476019] acpi PNP0A03:00: fail to add MMCONFIG information, can't access extended PCI configuration space under this bridge.
[    0.480564] PCI host bridge to bus 0000:00
[    0.482347] pci_bus 0000:00: root bus resource [io  0x0000-0x0cf7 window]
[    0.484011] pci_bus 0000:00: root bus resource [io  0x0d00-0xffff window]
[    0.488004] pci_bus 0000:00: root bus resource [mem 0x000a0000-0x000bffff window]
[    0.492004] pci_bus 0000:00: root bus resource [mem 0x10000000-0xfdffffff window]
[    0.496011] pci_bus 0000:00: root bus resource [bus 00-ff]
[    0.504857] pci 0000:00:01.1: legacy IDE quirk: reg 0x10: [io  0x01f0-0x01f7]
[    0.508004] pci 0000:00:01.1: legacy IDE quirk: reg 0x14: [io  0x03f6]
[    0.511134] pci 0000:00:01.1: legacy IDE quirk: reg 0x18: [io  0x0170-0x0177]
[    0.512004] pci 0000:00:01.1: legacy IDE quirk: reg 0x1c: [io  0x0376]
[    0.533700] pci 0000:00:07.0: quirk: [io  0x4000-0x403f] claimed by PIIX4 ACPI
[    0.536021] pci 0000:00:07.0: quirk: [io  0x4100-0x410f] claimed by PIIX4 SMB
[    0.552142] ACPI: PCI Interrupt Link [LNKA] (IRQs 5 9 10 *11)
[    0.554470] ACPI: PCI Interrupt Link [LNKB] (IRQs 5 9 *10 11)
[    0.556104] ACPI: PCI Interrupt Link [LNKC] (IRQs 5 *9 10 11)
[    0.557725] ACPI: PCI Interrupt Link [LNKD] (IRQs 5 9 10 *11)
[    0.560020] SCSI subsystem initialized
[    0.561923] pci 0000:00:02.0: vgaarb: setting as boot VGA device
[    0.563454] pci 0000:00:02.0: vgaarb: VGA device added: decodes=io+mem,owns=io+mem,locks=none
[    0.564007] pci 0000:00:02.0: vgaarb: bridge control possible
[    0.565462] vgaarb: loaded
[    0.568075] ACPI: bus type USB registered
[    0.569587] usbcore: registered new interface driver usbfs
[    0.570991] usbcore: registered new interface driver hub
[    0.572017] usbcore: registered new device driver usb
[    0.573505] EDAC MC: Ver: 3.0.0
[    0.576221] PCI: Using ACPI for IRQ routing
[    0.577977] NetLabel: Initializing
[    0.578896] NetLabel:  domain hash size = 128
[    0.580006] NetLabel:  protocols = UNLABELED CIPSOv4 CALIPSO
[    0.582044] NetLabel:  unlabeled traffic allowed by default
[    0.584532] clocksource: Switched to clocksource kvm-clock
[    0.608068] VFS: Disk quotas dquot_6.6.0
[    0.609234] VFS: Dquot-cache hash table entries: 512 (order 0, 4096 bytes)
[    0.611818] AppArmor: AppArmor Filesystem Enabled
[    0.613193] pnp: PnP ACPI init
[    0.617320] pnp: PnP ACPI: found 3 devices
[    0.632069] clocksource: acpi_pm: mask: 0xffffff max_cycles: 0xffffff, max_idle_ns: 2085701024 ns
[    0.634599] NET: Registered protocol family 2
[    0.637037] IP idents hash table entries: 4096 (order: 3, 32768 bytes)
[    0.639157] TCP established hash table entries: 2048 (order: 2, 16384 bytes)
[    0.640850] TCP bind hash table entries: 2048 (order: 3, 32768 bytes)
[    0.640850] TCP: Hash tables configured (established 2048 bind 2048)
[    0.645102] UDP hash table entries: 256 (order: 1, 8192 bytes)
[    0.646625] UDP-Lite hash table entries: 256 (order: 1, 8192 bytes)
[    0.650483] NET: Registered protocol family 1
[    0.651696] pci 0000:00:00.0: Limiting direct PCI/PCI transfers
[    0.653639] pci 0000:00:01.0: Activating ISA DMA hang workarounds
[    0.655289] pci 0000:00:02.0: Video device with shadowed ROM at [mem 0x000c0000-0x000dffff]
[    0.657741] Unpacking initramfs...
[    1.007162] Freeing initrd memory: 19540K
[    1.014422] clocksource: tsc: mask: 0xffffffffffffffff max_cycles: 0x2b2296bc2b9, max_idle_ns: 440795321505 ns
[    1.017271] platform rtc_cmos: registered platform RTC device (no PNP device found)
[    1.022938] Scanning for low memory corruption every 60 seconds
[    1.025445] Initialise system trusted keyrings
[    1.026925] Key type blacklist registered
[    1.029046] workingset: timestamp_bits=36 max_order=16 bucket_order=0
[    1.033379] zbud: loaded
[    1.034848] squashfs: version 4.0 (2009/01/31) Phillip Lougher
[    1.038982] fuse init (API version 7.26)
[    1.041652] Key type asymmetric registered
[    1.042827] Asymmetric key parser 'x509' registered
[    1.044275] Block layer SCSI generic (bsg) driver version 0.4 loaded (major 246)
[    1.046814] io scheduler noop registered
[    1.047981] io scheduler deadline registered
[    1.050900] io scheduler cfq registered (default)
[    1.052788] ACPI: AC Adapter [AC] (on-line)
[    1.054100] input: Power Button as /devices/LNXSYSTM:00/LNXPWRBN:00/input/input0
[    1.056755] ACPI: Power Button [PWRF]
[    1.057948] input: Sleep Button as /devices/LNXSYSTM:00/LNXSLPBN:00/input/input1
[    1.059960] ACPI: Sleep Button [SLPF]
[    1.061457] Serial: 8250/16550 driver, 32 ports, IRQ sharing enabled
[    1.084410] 00:02: ttyS0 at I/O 0x3f8 (irq = 4, base_baud = 115200) is a 16550A
[    1.088083] Linux agpgart interface v0.103
[    1.092188] loop: module loaded
[    1.094039] scsi host0: ata_piix
[    1.095233] scsi host1: ata_piix
[    1.096219] ata1: PATA max UDMA/33 cmd 0x1f0 ctl 0x3f6 bmdma 0xd000 irq 14
[    1.098590] ata2: PATA max UDMA/33 cmd 0x170 ctl 0x376 bmdma 0xd008 irq 15
[    1.101215] tun: Universal TUN/TAP device driver, 1.6
[    1.102974] PPP generic driver version 2.4.2
[    1.104284] ehci_hcd: USB 2.0 'Enhanced' Host Controller (EHCI) Driver
[    1.105997] ehci-pci: EHCI PCI platform driver
[    1.107299] ehci-platform: EHCI generic platform driver
[    1.108773] ohci_hcd: USB 1.1 'Open' Host Controller (OHCI) Driver
[    1.110424] ohci-pci: OHCI PCI platform driver
[    1.111651] ohci-platform: OHCI generic platform driver
[    1.113096] uhci_hcd: USB Universal Host Controller Interface driver
[    1.114853] i8042: PNP: PS/2 Controller [PNP0303:PS2K,PNP0f03:PS2M] at 0x60,0x64 irq 1,12
[    1.117798] serio: i8042 KBD port at 0x60,0x64 irq 1
[    1.119284] serio: i8042 AUX port at 0x60,0x64 irq 12
[    1.121106] mousedev: PS/2 mouse device common for all mice
[    1.123870] input: AT Translated Set 2 keyboard as /devices/platform/i8042/serio0/input/input2
[    1.126622] rtc_cmos rtc_cmos: rtc core: registered rtc_cmos as rtc0
[    1.128482] rtc_cmos rtc_cmos: alarms up to one day, 114 bytes nvram
[    1.130161] i2c /dev entries driver
[    1.131234] device-mapper: uevent: version 1.0.3
[    1.132770] device-mapper: ioctl: 4.37.0-ioctl (2017-09-20) initialised: dm-devel@redhat.com
[    1.135020] ledtrig-cpu: registered to indicate activity on CPUs
[    1.136516] NET: Registered protocol family 10
[    1.160550] Segment Routing with IPv6
[    1.166159] NET: Registered protocol family 17
[    1.168136] Key type dns_resolver registered
[    1.171281] mce: Using 0 MCE banks
[    1.172378] RAS: Correctable Errors collector initialized.
[    1.173915] sched_clock: Marking stable (1172271831, 0)->(1563191081, -390919250)
[    1.177335] registered taskstats version 1
[    1.178690] Loading compiled-in X.509 certificates
[    1.193443] Loaded X.509 cert 'Build time autogenerated kernel key: 5b165579d658a5808005e73a2425cc20635793b1'
[    1.197259] Loaded X.509 cert 'Canonical Ltd. Live Patch Signing: 14df34d1a87cf37625abec039ef2bf521249b969'
[    1.200744] Loaded X.509 cert 'Canonical Ltd. Kernel Module Signing: 88f752e560a1e0737e31163a466ad7b70a850c19'
[    1.203520] blacklist: Loading compiled-in revocation X.509 certificates
[    1.206467] Loaded X.509 cert 'Canonical Ltd. Secure Boot Signing: 61482aa2830d0ab2ad5af10b7250da9033ddcef0'
[    1.209301] zswap: loaded using pool lzo/zbud
[    1.234030] Key type big_key registered
[    1.239041] Key type trusted registered
[    1.251958] Key type encrypted registered
[    1.253456] AppArmor: AppArmor sha1 policy hashing enabled
[    1.254943] ima: No TPM chip found, activating TPM-bypass! (rc=-19)
[    1.256758] ima: Allocated hash algorithm: sha1
[    1.258052] evm: HMAC attrs: 0x1
[    1.259776]   Magic number: 10:86:243
[    1.285758] rtc_cmos rtc_cmos: setting system clock to 2022-06-12 19:12:03 UTC (1655061123)
[    1.289565] BIOS EDD facility v0.16 2004-Jun-25, 0 devices found
[    1.291078] EDD information not available.
[    1.310956] Freeing unused kernel image memory: 2468K
[    1.320132] Write protecting the kernel read-only data: 20480k
[    1.326183] Freeing unused kernel image memory: 2008K
[    1.328440] Freeing unused kernel image memory: 1820K
[    1.341561] x86/mm: Checked W+X mappings: passed, no W+X pages found.
[    1.343647] x86/mm: Checking user space page tables
[    1.354504] x86/mm: Checked W+X mappings: passed, no W+X pages found.
Loading, please wait...
starting version 237
[    1.995251] Fusion MPT base driver 3.04.20
[    1.997639] Copyright (c) 1999-2008 LSI Corporation
[    2.000407] e1000: Intel(R) PRO/1000 Network Driver - version 7.3.21-k8-NAPI
[    2.004923] e1000: Copyright (c) 1999-2006 Intel Corporation.
[    2.054291] Fusion MPT SPI Host driver 3.04.20
[    2.222117] random: fast init done
[    2.225177] input: ImExPS/2 Generic Explorer Mouse as /devices/platform/i8042/serio1/input/input4
[    2.246026] random: systemd-udevd: uninitialized urandom read (16 bytes read)
[    2.279563] random: systemd-udevd: uninitialized urandom read (16 bytes read)
[    2.298274] random: systemd-udevd: uninitialized urandom read (16 bytes read)
[    2.797670] e1000 0000:00:03.0 eth0: (PCI:33MHz:32-bit) 02:36:1c:f2:a8:92
[    2.801062] e1000 0000:00:03.0 eth0: Intel(R) PRO/1000 Network Connection
[    2.807386] mptbase: ioc0: Initiating bringup
[    2.904654] ioc0: LSI53C1030 A0: Capabilities={Initiator}
[    3.150893] scsi host2: ioc0: LSI53C1030 A0, FwRev=00000000h, Ports=1, MaxQ=256, IRQ=20
[    3.321039] scsi 2:0:0:0: Direct-Access     VBOX     HARDDISK         1.0  PQ: 0 ANSI: 5
[    3.324196] scsi target2:0:0: Beginning Domain Validation
[    3.333538] scsi target2:0:0: Domain Validation skipping write tests
[    3.335458] scsi target2:0:0: Ending Domain Validation
[    3.336948] scsi target2:0:0: asynchronous
[    3.338471] scsi 2:0:1:0: Direct-Access     VBOX     HARDDISK         1.0  PQ: 0 ANSI: 5
[    3.340706] scsi target2:0:1: Beginning Domain Validation
[    3.343492] scsi target2:0:1: Domain Validation skipping write tests
[    3.345147] scsi target2:0:1: Ending Domain Validation
[    3.346549] scsi target2:0:1: asynchronous
[    3.353506] sd 2:0:0:0: [sda] 83886080 512-byte logical blocks: (42.9 GB/40.0 GiB)
[    3.355679] sd 2:0:0:0: [sda] Write Protect is off
[    3.357251] sd 2:0:0:0: Attached scsi generic sg0 type 0
[    3.359031] sd 2:0:0:0: [sda] Incomplete mode parameter data
[    3.360579] sd 2:0:0:0: [sda] Assuming drive cache: write through
[    3.364043] sd 2:0:1:0: [sdb] 20480 512-byte logical blocks: (10.5 MB/10.0 MiB)
[    3.370632] sd 2:0:1:0: [sdb] Write Protect is off
[    3.372064] sd 2:0:1:0: Attached scsi generic sg1 type 0
[    3.374944] sd 2:0:1:0: [sdb] Incomplete mode parameter data
[    3.376672] sd 2:0:1:0: [sdb] Assuming drive cache: write through
[    3.399719]  sda: sda1
[    3.401881] sd 2:0:0:0: [sda] Attached SCSI disk
[    3.442743] sd 2:0:1:0: [sdb] Attached SCSI disk
[    3.893466] e1000 0000:00:08.0 eth1: (PCI:33MHz:32-bit) 08:00:27:2a:47:4c
[    3.895290] e1000 0000:00:08.0 eth1: Intel(R) PRO/1000 Network Connection
[    3.906323] e1000 0000:00:08.0 enp0s8: renamed from eth1
[    3.910182] e1000 0000:00:03.0 enp0s3: renamed from eth0
Begin: Loading essential drivers ... [    6.376050] raid6: sse2x1   gen()  4597 MB/s
[    6.425220] raid6: sse2x1   xor()  4493 MB/s
[    6.476085] raid6: sse2x2   gen()  3668 MB/s
[    6.528089] raid6: sse2x2   xor()  5743 MB/s
[    6.576043] raid6: sse2x4   gen()  7290 MB/s
[    6.624152] raid6: sse2x4   xor()  3371 MB/s
[    6.625403] raid6: using algorithm sse2x4 gen() 7290 MB/s
[    6.628384] raid6: .... xor() 3371 MB/s, rmw enabled
[    6.630145] raid6: using ssse3x2 recovery algorithm
[    6.649016] xor: measuring software checksum speed
[    6.708023]    prefetch64-sse: 23753.000 MB/sec
[    6.780016]    generic_sse: 31513.000 MB/sec
[    6.781241] xor: using function: generic_sse (31513.000 MB/sec)
[    6.792341] async_tx: api initialized (async)
done.
Begin: Running /scripts/init-premount ... done.
Begin: Mounting root file system ... Begin: Running /scripts/local-top ... done.
Begin: Running /scripts/local-premount ... [    7.132864] Btrfs loaded, crc32c=crc32c-generic
Scanning for Btrfs filesystems
done.
Warning: fsck not present, so skipping root file system
[    7.349777] EXT4-fs (sda1): mounted filesystem with ordered data mode. Opts: (null)
done.
Begin: Running /scripts/local-bottom ... done.
Begin: Running /scripts/init-bottom ... done.
[    8.904057] ip_tables: (C) 2000-2006 Netfilter Core Team
[    8.923355] random: crng init done
[    8.924337] random: 7 urandom warning(s) missed due to ratelimiting
[    9.087651] systemd[1]: systemd 237 running in system mode. (+PAM +AUDIT +SELINUX +IMA +APPARMOR +SMACK +SYSVINIT +UTMP +LIBCRYPTSETUP +GCRYPT +GNUTLS +ACL +XZ +LZ4 +SECCOMP +BLKID +ELFUTILS +KMOD -IDN2 +IDN -PCRE2 default-hierarchy=hybrid)
[    9.098213] systemd[1]: Detected virtualization oracle.
[    9.099649] systemd[1]: Detected architecture x86-64.

Welcome to [1mUbuntu 18.04.6 LTS[0m!

[    9.181607] systemd[1]: Set hostname to <orc-db>.
[   11.914716] systemd[1]: Created slice User and Session Slice.
[[0;32m  OK  [0m] Created slice User and Session Slice.
[   11.920576] systemd[1]: Started Forward Password Requests to Wall Directory Watch.
[[0;32m  OK  [0m] Started Forward Password Requests to Wall Directory Watch.
[   11.925360] systemd[1]: Set up automount Arbitrary Executable File Formats File System Automount Point.
[[0;32m  OK  [0m] Set up automount Arbitrary Executab…rmats File System Automount Point.
[   11.929572] systemd[1]: Reached target Swap.
[[0;32m  OK  [0m] Reached target Swap.
[   11.932834] systemd[1]: Created slice System Slice.
[[0;32m  OK  [0m] Created slice System Slice.
[   11.935624] systemd[1]: Listening on Journal Socket.
[[0;32m  OK  [0m] Listening on Journal Socket.
         Mounting POSIX Message Queue File System...
         Starting Load Kernel Modules...
[[0;32m  OK  [0m] Listening on Syslog Socket.
         Starting Create list of required st…ce nodes for the current kernel...
[[0;32m  OK  [0m] Listening on /dev/initctl Compatibility Named Pipe.
[[0;32m  OK  [0m] Listening on Network Service Netlink Socket.
         Mounting Huge Pages File System...
         Mounting Kernel Debug File System...
[[0;32m  OK  [0m] Listening on Journal Audit Socket.
[[0;32m  OK  [0m] Listening on udev Kernel Socket.
[[0;32m  OK  [0m] Reached target Slices.
[[0;32m  OK  [0m] Listening on LVM2 metadata daemon socket.
         Starting Uncomplicated firewall...
[[0;32m  OK  [0m] Listening on Device-mapper event daemon FIFOs.
         Starting Monitoring of LVM2 mirrors…ng dmeventd or progress polling...
[   12.168679] Loading iSCSI transport class v2.0-870.
[[0;32m  OK  [0m] Reached target User and Group Name Lookups.
[[0;32m  OK  [0m] Listening on Journal Socket (/dev/log).
[[0;32m  OK  [0m] Listening on udev Control Socket.
         Starting udev Coldplug all Devices...
         Starting Set the console keyboard layout...
[[0;32m  OK  [0m] Reached target System Time Synchronized.
[[0;32m  OK  [0m] Listening on LVM2 poll daemon socket.
[[0;32m  OK  [0m] Created slice system-serial\x2dgetty.slice.
         Starting Journal Service...
[[0;32m  OK  [0m] Listening on fsck to fsckd communication Socket.
         Starting File System Check on Root Device...
[   12.326921] iscsi: registered transport (tcp)
[[0;32m  OK  [0m] Mounted POSIX Message Queue File System.
[[0;32m  OK  [0m] Started Create list of required sta…vice nodes for the current kernel.
[[0;32m  OK  [0m] Mounted Huge Pages File System.
[[0;32m  OK  [0m] Mounted Kernel Debug File System.
[[0;32m  OK  [0m] Started Uncomplicated firewall.
         Starting Create Static Device Nodes in /dev...
[[0;32m  OK  [0m] Started File System Check Daemon to report status.
[[0;32m  OK  [0m] Started LVM2 metadata daemon.
[[0;32m  OK  [0m] Started Journal Service.
[[0;32m  OK  [0m] Started udev Coldplug all Devices.
[[0;32m  OK  [0m] Started File System Check on Root Device.
         Starting Remount Root and Kernel File Systems...
[[0;32m  OK  [0m] Started Create Static Device Nodes in /dev.
[   13.318879] iscsi: registered transport (iser)
[[0;32m  OK  [0m] Started Load Kernel Modules.
         Mounting FUSE Control File System...
         Starting Apply Kernel Variables...
         Mounting Kernel Configuration File System...
[[0;32m  OK  [0m] Started Monitoring of LVM2 mirrors,…sing dmeventd or progress polling.
[[0;32m  OK  [0m] Mounted FUSE Control File System.
[[0;32m  OK  [0m] Mounted Kernel Configuration File System.
[[0;32m  OK  [0m] Started Remount Root and Kernel File Systems.
         Starting Flush Journal to Persistent Storage...
         Starting udev Kernel Device Manager...
         Starting Load/Save Random Seed...
[[0;32m  OK  [0m] Started Apply Kernel Variables.
[[0;32m  OK  [0m] Started Load/Save Random Seed.
[[0;32m  OK  [0m] Started Set the console keyboard layout.
[[0;32m  OK  [0m] Reached target Local File Systems (Pre).
[[0;32m  OK  [0m] Reached target Local File Systems.
         Starting Tell Plymouth To Write Out Runtime Data...
         Starting ebtables ruleset management...
         Starting Set console font and keymap...
         Starting AppArmor initialization...
[[0;32m  OK  [0m] Started Tell Plymouth To Write Out Runtime Data.
[[0;32m  OK  [0m] Started udev Kernel Device Manager.
[[0;32m  OK  [0m] Started Dispatch Password Requests to Console Directory Watch.
[[0;32m  OK  [0m] Reached target Local Encrypted Volumes.
[[0;32m  OK  [0m] Started Set console font and keymap.
[[0;32m  OK  [0m] Started Flush Journal to Persistent Storage.
         Starting Create Volatile Files and Directories...
[[0;32m  OK  [0m] Started ebtables ruleset management.
[[0;32m  OK  [0m] Started Create Volatile Files and Directories.
         Starting Update UTMP about System Boot/Shutdown...
[[0;32m  OK  [0m] Started Update UTMP about System Boot/Shutdown.
[[0;32m  OK  [0m] Started AppArmor initialization.
         Starting Load AppArmor profiles managed internally by snapd...
         Starting Initial cloud-init job (pre-networking)...
[[0;32m  OK  [0m] Started Load AppArmor profiles managed internally by snapd.
[[0;32m  OK  [0m] Found device /dev/ttyS0.
[[0;32m  OK  [0m] Listening on Load/Save RF Kill Switch Status /dev/rfkill Watch.
[   24.811162] cloud-init[479]: Cloud-init v. 22.1-14-g2e17a0d6-0ubuntu1~18.04.3 running 'init-local' at Sun, 12 Jun 2022 19:12:25 +0000. Up 23.76 seconds.
[[0;32m  OK  [0m] Started Initial cloud-init job (pre-networking).
[[0;32m  OK  [0m] Reached target Network (Pre).
         Starting Network Service...
[[0;32m  OK  [0m] Started Network Service.
         Starting Network Name Resolution...
         Starting Wait for Network to be Configured...
[[0;32m  OK  [0m] Started Network Name Resolution.
[[0;32m  OK  [0m] Reached target Host and Network Name Lookups.
[[0;32m  OK  [0m] Reached target Network.
[[0;32m  OK  [0m] Started Wait for Network to be Configured.
         Starting Initial cloud-init job (metadata service crawler)...
[   29.181029] cloud-init[595]: Cloud-init v. 22.1-14-g2e17a0d6-0ubuntu1~18.04.3 running 'init' at Sun, 12 Jun 2022 19:12:30 +0000. Up 28.38 seconds.
[   29.186074] cloud-init[595]: ci-info: ++++++++++++++++++++++++++++++++++++++Net device info+++++++++++++++++++++++++++++++++++++++
[   29.195847] cloud-init[595]: ci-info: +--------+------+-----------------------------+---------------+--------+-------------------+
[   29.208061] cloud-init[595]: ci-info: | Device |  Up  |           Address           |      Mask     | Scope  |     Hw-Address    |
[   29.213166] cloud-init[595]: ci-info: +--------+------+-----------------------------+---------------+--------+-------------------+
[   29.221267] cloud-init[595]: ci-info: | enp0s3 | True |          10.0.2.15          | 255.255.255.0 | global | 02:36:1c:f2:a8:92 |
[   29.226501] cloud-init[595]: ci-info: | enp0s3 | True |  fe80::36:1cff:fef2:a892/64 |       .       |  link  | 02:36:1c:f2:a8:92 |
[   29.233034] cloud-init[595]: ci-info: | enp0s8 | True |         192.168.60.6        | 255.255.255.0 | global | 08:00:27:2a:47:4c |
[   29.239935] cloud-init[595]: ci-info: | enp0s8 | True | fe80::a00:27ff:fe2a:474c/64 |       .       |  link  | 08:00:27:2a:47:4c |
[   29.242638] cloud-init[595]: ci-info: |   lo   | True |          127.0.0.1          |   255.0.0.0   |  host  |         .         |
[   29.247246] cloud-init[595]: ci-info: |   lo   | True |           ::1/128           |       .       |  host  |         .         |
[   29.249613] cloud-init[595]: ci-info: +--------+------+-----------------------------+---------------+--------+-------------------+
[   29.252121] cloud-init[595]: ci-info: +++++++++++++++++++++++++++++Route IPv4 info+++++++++++++++++++++++++++++
[   29.254500] cloud-init[595]: ci-info: +-------+--------------+----------+-----------------+-----------+-------+
[   29.265547] cloud-init[595]: ci-info: | Route | Destination  | Gateway  |     Genmask     | Interface | Flags |
[   29.267556] cloud-init[595]: ci-info: +-------+--------------+----------+-----------------+-----------+-------+
[   29.272703] cloud-init[595]: ci-info: |   0   |   0.0.0.0    | 10.0.2.2 |     0.0.0.0     |   enp0s3  |   UG  |
[   29.275477] cloud-init[595]: ci-info: |   1   |   10.0.2.0   | 0.0.0.0  |  255.255.255.0  |   enp0s3  |   U   |
[   29.277463] cloud-init[595]: ci-info: |   2   |   10.0.2.2   | 0.0.0.0  | 255.255.255.255 |   enp0s3  |   UH  |
[   29.280649] cloud-init[595]: ci-info: |   3   | 192.168.60.0 | 0.0.0.0  |  255.255.255.0  |   enp0s8  |   U   |
[   29.282562] cloud-init[595]: ci-info: +-------+--------------+----------+-----------------+-----------+-------+
[   29.284575] cloud-init[595]: ci-info: +++++++++++++++++++Route IPv6 info+++++++++++++++++++
[   29.286329] cloud-init[595]: ci-info: +-------+-------------+---------+-----------+-------+
[   29.288116] cloud-init[595]: ci-info: | Route | Destination | Gateway | Interface | Flags |
[   29.289835] cloud-init[595]: ci-info: +-------+-------------+---------+-----------+-------+
[   29.291299] cloud-init[595]: ci-info: |   1   |  fe80::/64  |    ::   |   enp0s8  |   U   |
[   29.292979] cloud-init[595]: ci-info: |   2   |  fe80::/64  |    ::   |   enp0s3  |   U   |
[   29.294918] cloud-init[595]: ci-info: |   4   |    local    |    ::   |   enp0s3  |   U   |
[   29.296812] cloud-init[595]: ci-info: |   5   |    local    |    ::   |   enp0s8  |   U   |
[   29.303810] cloud-init[595]: ci-info: |   6   |   ff00::/8  |    ::   |   enp0s8  |   U   |
[   29.305514] cloud-init[595]: ci-info: |   7   |   ff00::/8  |    ::   |   enp0s3  |   U   |
[   29.311922] cloud-init[595]: ci-info: +-------+-------------+---------+-----------+-------+
[[0;32m  OK  [0m] Started Initial cloud-init job (metadata service crawler).
[[0;32m  OK  [0m] Reached target System Initialization.
[[0;32m  OK  [0m] Listening on cloud-init hotplug hook socket.
         Starting LXD - unix socket.
[[0;32m  OK  [0m] Listening on ACPID Listen Socket.
[[0;32m  OK  [0m] Started Message of the Day.
[[0;32m  OK  [0m] Started Ubuntu Advantage Timer for running repeated jobs.
[[0;32m  OK  [0m] Started Daily apt download activities.
[[0;32m  OK  [0m] Started Daily Cleanup of Temporary Directories.
[[0;32m  OK  [0m] Listening on UUID daemon activation socket.
[[0;32m  OK  [0m] Started Trigger to poll for Ubuntu …(Only enabled on GCP LTS non-pro).
[[0;32m  OK  [0m] Started Daily apt upgrade and clean activities.
[[0;32m  OK  [0m] Started Discard unused blocks once a week.
[[0;32m  OK  [0m] Reached target Timers.
[[0;32m  OK  [0m] Listening on D-Bus System Message Bus Socket.
[[0;32m  OK  [0m] Started ACPI Events Check.
[[0;32m  OK  [0m] Reached target Paths.
         Starting Socket activation for snappy daemon.
[[0;32m  OK  [0m] Listening on Open-iSCSI iscsid Socket.
[[0;32m  OK  [0m] Reached target Cloud-config availability.
[[0;32m  OK  [0m] Reached target Network is Online.
         Starting Availability of block devices...
[[0;32m  OK  [0m] Reached target Remote File Systems (Pre).
[[0;32m  OK  [0m] Reached target Remote File Systems.
[[0;32m  OK  [0m] Listening on LXD - unix socket.
[[0;32m  OK  [0m] Listening on Socket activation for snappy daemon.
[[0;32m  OK  [0m] Started Availability of block devices.
[[0;32m  OK  [0m] Reached target Sockets.
[[0;32m  OK  [0m] Reached target Basic System.
         Starting System Logging Service...
         Starting LSB: automatic crash report generation...
         Starting LSB: Record successful boot for GRUB...
         Starting Login Service...
[[0;32m  OK  [0m] Started FUSE filesystem for LXC.
[[0;32m  OK  [0m] Started Regular background program processing daemon.
         Starting Accounts Service...
         Starting Dispatcher daemon for systemd-networkd...
         Starting Virtualbox guest utils...
         Starting Pollinate to seed the pseudo random number generator...
         Starting Message of the Day...
         Starting Snap Daemon...
         Starting Permit User Sessions...
[[0;32m  OK  [0m] Started irqbalance daemon.
[[0;32m  OK  [0m] Started D-Bus System Message Bus.
[[0;32m  OK  [0m] Started Login Service.
[[0;32m  OK  [0m] Started Unattended Upgrades Shutdown.
[[0;32m  OK  [0m] Started Deferred execution scheduler.
         Starting LXD - container startup/shutdown...
[[0;32m  OK  [0m] Started System Logging Service.
[[0;32m  OK  [0m] Started Permit User Sessions.
         Starting Terminate Plymouth Boot Screen...
         Starting Hold until boot process finishes up...
[[0;32m  OK  [0m] Started Hold until boot process finishes up.
[[0;32m  OK  [0m] Started Terminate Plymouth Boot Screen.
         Starting Set console scheme...
[[0;32m  OK  [0m] Started Serial Getty on ttyS0.
[[0;32m  OK  [0m] Started Set console scheme.
[[0;32m  OK  [0m] Created slice system-getty.slice.
[[0;32m  OK  [0m] Started Getty on tty1.
[[0;32m  OK  [0m] Reached target Login Prompts.
         Starting Authorization Manager...
[[0;32m  OK  [0m] Started LSB: automatic crash report generation.
[[0;32m  OK  [0m] Started LSB: Record successful boot for GRUB.
[[0;32m  OK  [0m] Started Authorization Manager.
[[0;32m  OK  [0m] Started Accounts Service.
[[0;32m  OK  [0m] Started Dispatcher daemon for systemd-networkd.
[[0;32m  OK  [0m] Started Virtualbox guest utils.

Ubuntu 18.04.6 LTS orc-db ttyS0

orc-db login: [   79.461561] cloud-init[916]: Cloud-init v. 22.1-14-g2e17a0d6-0ubuntu1~18.04.3 running 'modules:config' at Sun, 12 Jun 2022 19:13:15 +0000. Up 73.49 seconds.
[   86.677287] cloud-init[1299]: Cloud-init v. 22.1-14-g2e17a0d6-0ubuntu1~18.04.3 running 'modules:final' at Sun, 12 Jun 2022 19:13:28 +0000. Up 85.83 seconds.
[   86.681165] cloud-init[1299]: Cloud-init v. 22.1-14-g2e17a0d6-0ubuntu1~18.04.3 finished at Sun, 12 Jun 2022 19:13:28 +0000. Datasource DataSourceNoCloud [seed=/dev/sdb][dsmode=net].  Up 86.60 seconds
